  Camera.cpp
C:\Users\mrdia\OneDrive\Desktop\C++ Engine\Temp\RubgldV1TEMP\Camera.h(5,9): fatal error C1083: Cannot open include file: 'glm/glm.hpp': No such file or directory
  Entity.cpp
C:\Users\mrdia\OneDrive\Desktop\C++ Engine\Temp\RubgldV1TEMP\Model.h(3,9): fatal error C1083: Cannot open include file: 'glm/glm.hpp': No such file or directory
  EntityRenderer.cpp
C:\Users\mrdia\OneDrive\Desktop\C++ Engine\Temp\RubgldV1TEMP\Model.h(3,9): fatal error C1083: Cannot open include file: 'glm/glm.hpp': No such file or directory
  Main.cpp
C:\Users\mrdia\OneDrive\Desktop\C++ Engine\Temp\RubgldV1TEMP\RubgldOpenGL.h(4,9): fatal error C1083: Cannot open include file: 'glad/glad.h': No such file or directory
  Mesh.cpp
C:\Users\mrdia\OneDrive\Desktop\C++ Engine\Temp\RubgldV1TEMP\MeshLoader.h(4,9): fatal error C1083: Cannot open include file: 'glad/glad.h': No such file or directory
  MeshLoader.cpp
  Model.cpp
C:\Users\mrdia\OneDrive\Desktop\C++ Engine\Temp\RubgldV1TEMP\Model.h(3,9): fatal error C1083: Cannot open include file: 'glm/glm.hpp': No such file or directory
  RubgldOpenGL.cpp
C:\Users\mrdia\OneDrive\Desktop\C++ Engine\Temp\RubgldV1TEMP\RubgldOpenGL.h(4,9): fatal error C1083: Cannot open include file: 'glad/glad.h': No such file or directory
  Shader.cpp
C:\Users\mrdia\OneDrive\Desktop\C++ Engine\Temp\RubgldV1TEMP\Shader.h(4,9): fatal error C1083: Cannot open include file: 'glad/glad.h': No such file or directory
  ShaderLoader.cpp
  stb.cpp
C:\Users\mrdia\OneDrive\Desktop\C++ Engine\Temp\RubgldV1TEMP\stb.cpp(2,9): fatal error C1083: Cannot open include file: 'stb/stb_image.h': No such file or directory
  Texture.cpp
C:\Users\mrdia\OneDrive\Desktop\C++ Engine\Temp\RubgldV1TEMP\TextureLoader.h(3,9): fatal error C1083: Cannot open include file: 'glad/glad.h': No such file or directory
  TextureLoader.cpp
C:\Users\mrdia\OneDrive\Desktop\C++ Engine\Temp\RubgldV1TEMP\TextureLoader.h(3,9): fatal error C1083: Cannot open include file: 'glad/glad.h': No such file or directory
  VAO.cpp
C:\Users\mrdia\OneDrive\Desktop\C++ Engine\Temp\RubgldV1TEMP\VAO.h(4,10): fatal error C1083: Cannot open include file: 'glad/glad.h': No such file or directory
  VBO.cpp
C:\Users\mrdia\OneDrive\Desktop\C++ Engine\Temp\RubgldV1TEMP\VBO.h(3,9): fatal error C1083: Cannot open include file: 'glad/glad.h': No such file or directory
